<?xml version="1.0" encoding="UTF-8"?>
<testng-results ignored="0" total="3" passed="3" failed="0" skipped="0">
  <reporter-output>
  </reporter-output>
  <suite started-at="2026-07-25T15:59:13 IST" name="Default suite" finished-at="2026-07-25T15:59:31 IST" duration-ms="17214">
    <groups>
    </groups>
    <test started-at="2026-07-25T15:59:13 IST" name="Default test" finished-at="2026-07-25T15:59:31 IST" duration-ms="17214">
      <class name="dynamicjson.DynamicJson">
        <test-method signature="addBook(java.lang.String,java.lang.String)[pri:0, instance:dynamicjson.DynamicJson@aba625]" started-at="2026-07-25T15:59:14 IST" name="addBook" data-provider="BooksData" finished-at="2026-07-25T15:59:21 IST" duration-ms="7144" status="PASS">
          <params>
            <param index="0">
              <value>
                <![CDATA[abio]]>
              </value>
            </param>
            <param index="1">
              <value>
                <![CDATA[786]]>
              </value>
            </param>
          </params>
          <reporter-output>
          </reporter-output>
        </test-method> <!-- addBook -->
        <test-method signature="addBook(java.lang.String,java.lang.String)[pri:0, instance:dynamicjson.DynamicJson@aba625]" started-at="2026-07-25T15:59:21 IST" name="addBook" data-provider="BooksData" finished-at="2026-07-25T15:59:24 IST" duration-ms="3379" status="PASS">
          <params>
            <param index="0">
              <value>
                <![CDATA[oiba]]>
              </value>
            </param>
            <param index="1">
              <value>
                <![CDATA[787]]>
              </value>
            </param>
          </params>
          <reporter-output>
          </reporter-output>
        </test-method> <!-- addBook -->
        <test-method signature="addBook(java.lang.String,java.lang.String)[pri:0, instance:dynamicjson.DynamicJson@aba625]" started-at="2026-07-25T15:59:24 IST" name="addBook" data-provider="BooksData" finished-at="2026-07-25T15:59:31 IST" duration-ms="6609" status="PASS">
          <params>
            <param index="0">
              <value>
                <![CDATA[iobb]]>
              </value>
            </param>
            <param index="1">
              <value>
                <![CDATA[788]]>
              </value>
            </param>
          </params>
          <reporter-output>
          </reporter-output>
        </test-method> <!-- addBook -->
      </class> <!-- dynamicjson.DynamicJson -->
    </test> <!-- Default test -->
  </suite> <!-- Default suite -->
</testng-results>
