<?xml version="1.0" encoding="UTF-8"?>
<!-- Generated by org.testng.reporters.JUnitReportReporter -->
<testsuite hostname="DESKTOP-FDDHDCD" failures="0" tests="3" name="dynamicjson.DynamicJson" time="17.132" errors="0" timestamp="2026-07-25T15:59:31 IST" skipped="0">
  <testcase classname="dynamicjson.DynamicJson" name="addBook" time="7.144"/>
  <testcase classname="dynamicjson.DynamicJson" name="addBook" time="3.379"/>
  <testcase classname="dynamicjson.DynamicJson" name="addBook" time="6.609"/>
</testsuite> <!-- dynamicjson.DynamicJson -->
